2022-10-18 14:44:04,823 DEBUG [TestNG-test=Test-1] InternalLoggerFactory:89 - Using Log4J as the default logging framework
 2022-10-18 14:44:04,833 DEBUG [TestNG-test=Test-1] ResourceLeakDetector:129 - -Dio.netty.leakDetection.level: simple
 2022-10-18 14:44:04,833 DEBUG [TestNG-test=Test-1] ResourceLeakDetector:130 - -Dio.netty.leakDetection.targetRecords: 4
 2022-10-18 14:44:04,854 DEBUG [TestNG-test=Test-1] ResourceLeakDetectorFactory:196 - Loaded default ResourceLeakDetector: io.netty.util.ResourceLeakDetector@23925567
 2022-10-18 14:44:04,890 DEBUG [TestNG-test=Test-1] PlatformDependent0:495 - -Dio.netty.noUnsafe: false
 2022-10-18 14:44:04,890 DEBUG [TestNG-test=Test-1] PlatformDependent0:998 - Java version: 8
 2022-10-18 14:44:04,892 DEBUG [TestNG-test=Test-1] PlatformDependent0:136 - sun.misc.Unsafe.theUnsafe: available
 2022-10-18 14:44:04,893 DEBUG [TestNG-test=Test-1] PlatformDependent0:160 - sun.misc.Unsafe.copyMemory: available
 2022-10-18 14:44:04,894 DEBUG [TestNG-test=Test-1] PlatformDependent0:192 - sun.misc.Unsafe.storeFence: available
 2022-10-18 14:44:04,894 DEBUG [TestNG-test=Test-1] PlatformDependent0:235 - java.nio.Buffer.address: available
 2022-10-18 14:44:04,895 DEBUG [TestNG-test=Test-1] PlatformDependent0:306 - direct buffer constructor: available
 2022-10-18 14:44:04,896 DEBUG [TestNG-test=Test-1] PlatformDependent0:384 - java.nio.Bits.unaligned: available, true
 2022-10-18 14:44:04,896 DEBUG [TestNG-test=Test-1] PlatformDependent0:458 - jdk.internal.misc.Unsafe.allocateUninitializedArray(int): unavailable prior to Java9
 2022-10-18 14:44:04,896 DEBUG [TestNG-test=Test-1] PlatformDependent0:481 - java.nio.DirectByteBuffer.<init>(long, int): available
 2022-10-18 14:44:04,896 DEBUG [TestNG-test=Test-1] PlatformDependent:1159 - sun.misc.Unsafe: available
 2022-10-18 14:44:04,897 DEBUG [TestNG-test=Test-1] PlatformDependent:1289 - -Dio.netty.tmpdir: C:\Users\user\AppData\Local\Temp (java.io.tmpdir)
 2022-10-18 14:44:04,899 DEBUG [TestNG-test=Test-1] PlatformDependent:1368 - -Dio.netty.bitMode: 64 (sun.arch.data.model)
 2022-10-18 14:44:04,900 DEBUG [TestNG-test=Test-1] PlatformDependent:1119 - Platform: Windows
 2022-10-18 14:44:04,902 DEBUG [TestNG-test=Test-1] PlatformDependent:178 - -Dio.netty.maxDirectMemory: 1886912512 bytes
 2022-10-18 14:44:04,902 DEBUG [TestNG-test=Test-1] PlatformDependent:185 - -Dio.netty.uninitializedArrayAllocationThreshold: -1
 2022-10-18 14:44:04,904 DEBUG [TestNG-test=Test-1] CleanerJava6:92 - java.nio.ByteBuffer.cleaner(): available
 2022-10-18 14:44:04,904 DEBUG [TestNG-test=Test-1] PlatformDependent:205 - -Dio.netty.noPreferDirect: false
 2022-10-18 14:44:04,918 DEBUG [TestNG-test=Test-1] PlatformDependent:1010 - org.jctools-core.MpscChunkedArrayQueue: available
 2022-10-18 14:44:06,009 DEBUG [TestNG-test=Test-1] InternalThreadLocalMap:86 - -Dio.netty.threadLocalMap.stringBuilder.initialSize: 1024
 2022-10-18 14:44:06,009 DEBUG [TestNG-test=Test-1] InternalThreadLocalMap:89 - -Dio.netty.threadLocalMap.stringBuilder.maxSize: 4096
 2022-10-18 14:44:08,804 DEBUG [TestNG-test=Test-1] JdkSslContext:83 - Default protocols (JDK): [TLSv1.2, TLSv1.1, TLSv1] 
 2022-10-18 14:44:08,805 DEBUG [TestNG-test=Test-1] JdkSslContext:84 - Default cipher suites (JDK): [TLS_ECDHE_ECDSA_WITH_AES_256_GCM_SHA384, TLS_ECDHE_ECDSA_WITH_AES_128_GCM_SHA256, TLS_ECDHE_RSA_WITH_AES_128_GCM_SHA256, TLS_ECDHE_RSA_WITH_AES_256_GCM_SHA384, TLS_ECDHE_RSA_WITH_AES_128_CBC_SHA, TLS_ECDHE_RSA_WITH_AES_256_CBC_SHA, TLS_RSA_WITH_AES_128_GCM_SHA256, TLS_RSA_WITH_AES_128_CBC_SHA, TLS_RSA_WITH_AES_256_CBC_SHA]
 2022-10-18 14:44:08,948 DEBUG [TestNG-test=Test-1] MultithreadEventLoopGroup:44 - -Dio.netty.eventLoopThreads: 16
 2022-10-18 14:44:09,000 DEBUG [TestNG-test=Test-1] NioEventLoop:109 - -Dio.netty.noKeySetOptimization: false
 2022-10-18 14:44:09,000 DEBUG [TestNG-test=Test-1] NioEventLoop:110 - -Dio.netty.selectorAutoRebuildThreshold: 512
 2022-10-18 14:44:09,277 DEBUG [TestNG-test=Test-1] PooledByteBufAllocator:157 - -Dio.netty.allocator.numHeapArenas: 16
 2022-10-18 14:44:09,278 DEBUG [TestNG-test=Test-1] PooledByteBufAllocator:158 - -Dio.netty.allocator.numDirectArenas: 16
 2022-10-18 14:44:09,278 DEBUG [TestNG-test=Test-1] PooledByteBufAllocator:160 - -Dio.netty.allocator.pageSize: 8192
 2022-10-18 14:44:09,279 DEBUG [TestNG-test=Test-1] PooledByteBufAllocator:165 - -Dio.netty.allocator.maxOrder: 9
 2022-10-18 14:44:09,279 DEBUG [TestNG-test=Test-1] PooledByteBufAllocator:169 - -Dio.netty.allocator.chunkSize: 4194304
 2022-10-18 14:44:09,280 DEBUG [TestNG-test=Test-1] PooledByteBufAllocator:170 - -Dio.netty.allocator.smallCacheSize: 256
 2022-10-18 14:44:09,280 DEBUG [TestNG-test=Test-1] PooledByteBufAllocator:171 - -Dio.netty.allocator.normalCacheSize: 64
 2022-10-18 14:44:09,280 DEBUG [TestNG-test=Test-1] PooledByteBufAllocator:172 - -Dio.netty.allocator.maxCachedBufferCapacity: 32768
 2022-10-18 14:44:09,281 DEBUG [TestNG-test=Test-1] PooledByteBufAllocator:173 - -Dio.netty.allocator.cacheTrimInterval: 8192
 2022-10-18 14:44:09,281 DEBUG [TestNG-test=Test-1] PooledByteBufAllocator:174 - -Dio.netty.allocator.cacheTrimIntervalMillis: 0
 2022-10-18 14:44:09,281 DEBUG [TestNG-test=Test-1] PooledByteBufAllocator:175 - -Dio.netty.allocator.useCacheForAllThreads: false
 2022-10-18 14:44:09,282 DEBUG [TestNG-test=Test-1] PooledByteBufAllocator:176 - -Dio.netty.allocator.maxCachedByteBuffersPerChunk: 1023
 2022-10-18 14:44:09,330 DEBUG [TestNG-test=Test-1] ByteBufUtil:87 - -Dio.netty.allocator.type: pooled
 2022-10-18 14:44:09,330 DEBUG [TestNG-test=Test-1] ByteBufUtil:96 - -Dio.netty.threadLocalDirectBufferSize: 0
 2022-10-18 14:44:09,331 DEBUG [TestNG-test=Test-1] ByteBufUtil:99 - -Dio.netty.maxThreadLocalCharBufferSize: 16384
 2022-10-18 14:44:10,697 DEBUG [Forwarding newSession on session null to remote] DefaultChannelId:79 - -Dio.netty.processId: 14840 (auto-detected)
 2022-10-18 14:44:10,704 DEBUG [Forwarding newSession on session null to remote] NetUtil:136 - -Djava.net.preferIPv4Stack: false
 2022-10-18 14:44:10,705 DEBUG [Forwarding newSession on session null to remote] NetUtil:137 - -Djava.net.preferIPv6Addresses: false
 2022-10-18 14:44:11,335 DEBUG [Forwarding newSession on session null to remote] NetUtilInitializations:129 - Loopback interface: lo (Software Loopback Interface 1, 127.0.0.1)
 2022-10-18 14:44:11,338 DEBUG [Forwarding newSession on session null to remote] NetUtil:191 - Failed to get SOMAXCONN from sysctl and file \proc\sys\net\core\somaxconn. Default: 200
 2022-10-18 14:44:11,981 DEBUG [Forwarding newSession on session null to remote] DefaultChannelId:101 - -Dio.netty.machineId: 90:32:4b:ff:fe:69:03:17 (auto-detected)
 2022-10-18 14:44:12,264 DEBUG [AsyncHttpClient-1-2] AbstractByteBuf:63 - -Dio.netty.buffer.checkAccessible: true
 2022-10-18 14:44:12,265 DEBUG [AsyncHttpClient-1-2] AbstractByteBuf:64 - -Dio.netty.buffer.checkBounds: true
 2022-10-18 14:44:12,265 DEBUG [AsyncHttpClient-1-2] ResourceLeakDetectorFactory:196 - Loaded default ResourceLeakDetector: io.netty.util.ResourceLeakDetector@7e5e0985
 2022-10-18 14:44:12,381 DEBUG [AsyncHttpClient-1-2] Recycler:85 - -Dio.netty.recycler.maxCapacityPerThread: 4096
 2022-10-18 14:44:12,381 DEBUG [AsyncHttpClient-1-2] Recycler:86 - -Dio.netty.recycler.ratio: 8
 2022-10-18 14:44:12,382 DEBUG [AsyncHttpClient-1-2] Recycler:87 - -Dio.netty.recycler.chunkSize: 32
 2022-10-18 14:44:12,382 DEBUG [AsyncHttpClient-1-2] Recycler:88 - -Dio.netty.recycler.blocking: false
 2022-10-18 14:45:25,446 DEBUG [AsyncHttpClient-1-3] Brotli:38 - brotli4j not in the classpath; Brotli support will be unavailable.
 2022-10-18 14:45:35,958 DEBUG [main] cache:44 - Couldn't find template in cache for "spark/spark.spa.ftl"("en_MY", UTF-8, parsed); will try to load it.
 2022-10-18 14:45:35,961 DEBUG [main] cache:44 - TemplateLoader.findTemplateSource("spark/spark.spa_en_MY.ftl"): Not found
 2022-10-18 14:45:35,965 DEBUG [main] cache:44 - TemplateLoader.findTemplateSource("spark/spark.spa_en.ftl"): Not found
 2022-10-18 14:45:35,967 DEBUG [main] cache:44 - TemplateLoader.findTemplateSource("spark/spark.spa.ftl"): Found
 2022-10-18 14:45:35,968 DEBUG [main] cache:44 - Loading template for "spark/spark.spa.ftl"("en_MY", UTF-8, parsed) from "jar:file:/C:/Users/user/AppData/Local/Temp/surefire6695445669633473506/..%5C..%5C..%5C..%5C.m2%5Crepository%5Ccom%5Caventstack%5Cextentreports%5C4.1.7%5Cextentreports-4.1.7.jar!/com/aventstack/extentreports/view/spark/spark.spa.ftl"
 2022-10-18 14:45:39,227 DEBUG [main] cache:44 - Couldn't find template in cache for "commons/commons-variables.ftl"("en_MY", UTF-8, parsed); will try to load it.
 2022-10-18 14:45:39,228 DEBUG [main] cache:44 - TemplateLoader.findTemplateSource("commons/commons-variables_en_MY.ftl"): Not found
 2022-10-18 14:45:39,228 DEBUG [main] cache:44 - TemplateLoader.findTemplateSource("commons/commons-variables_en.ftl"): Not found
 2022-10-18 14:45:39,228 DEBUG [main] cache:44 - TemplateLoader.findTemplateSource("commons/commons-variables.ftl"): Found
 2022-10-18 14:45:39,229 DEBUG [main] cache:44 - Loading template for "commons/commons-variables.ftl"("en_MY", UTF-8, parsed) from "jar:file:/C:/Users/user/AppData/Local/Temp/surefire6695445669633473506/..%5C..%5C..%5C..%5C.m2%5Crepository%5Ccom%5Caventstack%5Cextentreports%5C4.1.7%5Cextentreports-4.1.7.jar!/com/aventstack/extentreports/view/commons/commons-variables.ftl"
 2022-10-18 14:45:40,786 DEBUG [main] cache:44 - Couldn't find template in cache for "commons/commons-macros.ftl"("en_MY", UTF-8, parsed); will try to load it.
 2022-10-18 14:45:40,787 DEBUG [main] cache:44 - TemplateLoader.findTemplateSource("commons/commons-macros_en_MY.ftl"): Not found
 2022-10-18 14:45:40,788 DEBUG [main] cache:44 - TemplateLoader.findTemplateSource("commons/commons-macros_en.ftl"): Not found
 2022-10-18 14:45:40,789 DEBUG [main] cache:44 - TemplateLoader.findTemplateSource("commons/commons-macros.ftl"): Found
 2022-10-18 14:45:40,789 DEBUG [main] cache:44 - Loading template for "commons/commons-macros.ftl"("en_MY", UTF-8, parsed) from "jar:file:/C:/Users/user/AppData/Local/Temp/surefire6695445669633473506/..%5C..%5C..%5C..%5C.m2%5Crepository%5Ccom%5Caventstack%5Cextentreports%5C4.1.7%5Cextentreports-4.1.7.jar!/com/aventstack/extentreports/view/commons/commons-macros.ftl"
 2022-10-18 14:45:40,801 DEBUG [main] cache:44 - Couldn't find template in cache for "spark/macros/attributes.ftl"("en_MY", UTF-8, parsed); will try to load it.
 2022-10-18 14:45:40,802 DEBUG [main] cache:44 - TemplateLoader.findTemplateSource("spark/macros/attributes_en_MY.ftl"): Not found
 2022-10-18 14:45:40,802 DEBUG [main] cache:44 - TemplateLoader.findTemplateSource("spark/macros/attributes_en.ftl"): Not found
 2022-10-18 14:45:40,803 DEBUG [main] cache:44 - TemplateLoader.findTemplateSource("spark/macros/attributes.ftl"): Found
 2022-10-18 14:45:40,803 DEBUG [main] cache:44 - Loading template for "spark/macros/attributes.ftl"("en_MY", UTF-8, parsed) from "jar:file:/C:/Users/user/AppData/Local/Temp/surefire6695445669633473506/..%5C..%5C..%5C..%5C.m2%5Crepository%5Ccom%5Caventstack%5Cextentreports%5C4.1.7%5Cextentreports-4.1.7.jar!/com/aventstack/extentreports/view/spark/macros/attributes.ftl"
 2022-10-18 14:45:40,806 DEBUG [main] cache:44 - Couldn't find template in cache for "spark/macros/log.ftl"("en_MY", UTF-8, parsed); will try to load it.
 2022-10-18 14:45:40,806 DEBUG [main] cache:44 - TemplateLoader.findTemplateSource("spark/macros/log_en_MY.ftl"): Not found
 2022-10-18 14:45:40,807 DEBUG [main] cache:44 - TemplateLoader.findTemplateSource("spark/macros/log_en.ftl"): Not found
 2022-10-18 14:45:40,808 DEBUG [main] cache:44 - TemplateLoader.findTemplateSource("spark/macros/log.ftl"): Found
 2022-10-18 14:45:40,808 DEBUG [main] cache:44 - Loading template for "spark/macros/log.ftl"("en_MY", UTF-8, parsed) from "jar:file:/C:/Users/user/AppData/Local/Temp/surefire6695445669633473506/..%5C..%5C..%5C..%5C.m2%5Crepository%5Ccom%5Caventstack%5Cextentreports%5C4.1.7%5Cextentreports-4.1.7.jar!/com/aventstack/extentreports/view/spark/macros/log.ftl"
 2022-10-18 14:45:40,811 DEBUG [main] cache:44 - Couldn't find template in cache for "spark/macros/recurse_nodes.ftl"("en_MY", UTF-8, parsed); will try to load it.
 2022-10-18 14:45:40,812 DEBUG [main] cache:44 - TemplateLoader.findTemplateSource("spark/macros/recurse_nodes_en_MY.ftl"): Not found
 2022-10-18 14:45:40,813 DEBUG [main] cache:44 - TemplateLoader.findTemplateSource("spark/macros/recurse_nodes_en.ftl"): Not found
 2022-10-18 14:45:40,813 DEBUG [main] cache:44 - TemplateLoader.findTemplateSource("spark/macros/recurse_nodes.ftl"): Found
 2022-10-18 14:45:40,814 DEBUG [main] cache:44 - Loading template for "spark/macros/recurse_nodes.ftl"("en_MY", UTF-8, parsed) from "jar:file:/C:/Users/user/AppData/Local/Temp/surefire6695445669633473506/..%5C..%5C..%5C..%5C.m2%5Crepository%5Ccom%5Caventstack%5Cextentreports%5C4.1.7%5Cextentreports-4.1.7.jar!/com/aventstack/extentreports/view/spark/macros/recurse_nodes.ftl"
 2022-10-18 14:45:40,816 DEBUG [main] cache:44 - "spark/macros/log.ftl"("en_MY", UTF-8, parsed) cached copy not yet stale; using cached.
 2022-10-18 14:45:40,879 DEBUG [main] cache:44 - Couldn't find template in cache for "spark/partials/head.ftl"("en_MY", UTF-8, parsed); will try to load it.
 2022-10-18 14:45:40,879 DEBUG [main] cache:44 - TemplateLoader.findTemplateSource("spark/partials/head_en_MY.ftl"): Not found
 2022-10-18 14:45:40,880 DEBUG [main] cache:44 - TemplateLoader.findTemplateSource("spark/partials/head_en.ftl"): Not found
 2022-10-18 14:45:40,880 DEBUG [main] cache:44 - TemplateLoader.findTemplateSource("spark/partials/head.ftl"): Found
 2022-10-18 14:45:40,881 DEBUG [main] cache:44 - Loading template for "spark/partials/head.ftl"("en_MY", UTF-8, parsed) from "jar:file:/C:/Users/user/AppData/Local/Temp/surefire6695445669633473506/..%5C..%5C..%5C..%5C.m2%5Crepository%5Ccom%5Caventstack%5Cextentreports%5C4.1.7%5Cextentreports-4.1.7.jar!/com/aventstack/extentreports/view/spark/partials/head.ftl"
 2022-10-18 14:45:40,883 DEBUG [main] cache:44 - Couldn't find template in cache for "commons/commons-inject-css.ftl"("en_MY", UTF-8, parsed); will try to load it.
 2022-10-18 14:45:40,884 DEBUG [main] cache:44 - TemplateLoader.findTemplateSource("commons/commons-inject-css_en_MY.ftl"): Not found
 2022-10-18 14:45:40,884 DEBUG [main] cache:44 - TemplateLoader.findTemplateSource("commons/commons-inject-css_en.ftl"): Not found
 2022-10-18 14:45:40,884 DEBUG [main] cache:44 - TemplateLoader.findTemplateSource("commons/commons-inject-css.ftl"): Found
 2022-10-18 14:45:40,884 DEBUG [main] cache:44 - Loading template for "commons/commons-inject-css.ftl"("en_MY", UTF-8, parsed) from "jar:file:/C:/Users/user/AppData/Local/Temp/surefire6695445669633473506/..%5C..%5C..%5C..%5C.m2%5Crepository%5Ccom%5Caventstack%5Cextentreports%5C4.1.7%5Cextentreports-4.1.7.jar!/com/aventstack/extentreports/view/commons/commons-inject-css.ftl"
 2022-10-18 14:45:40,885 DEBUG [main] cache:44 - Couldn't find template in cache for "spark/partials/navbar.ftl"("en_MY", UTF-8, parsed); will try to load it.
 2022-10-18 14:45:40,886 DEBUG [main] cache:44 - TemplateLoader.findTemplateSource("spark/partials/navbar_en_MY.ftl"): Not found
 2022-10-18 14:45:40,886 DEBUG [main] cache:44 - TemplateLoader.findTemplateSource("spark/partials/navbar_en.ftl"): Not found
 2022-10-18 14:45:40,887 DEBUG [main] cache:44 - TemplateLoader.findTemplateSource("spark/partials/navbar.ftl"): Found
 2022-10-18 14:45:40,887 DEBUG [main] cache:44 - Loading template for "spark/partials/navbar.ftl"("en_MY", UTF-8, parsed) from "jar:file:/C:/Users/user/AppData/Local/Temp/surefire6695445669633473506/..%5C..%5C..%5C..%5C.m2%5Crepository%5Ccom%5Caventstack%5Cextentreports%5C4.1.7%5Cextentreports-4.1.7.jar!/com/aventstack/extentreports/view/spark/partials/navbar.ftl"
 2022-10-18 14:45:41,281 DEBUG [main] cache:44 - Couldn't find template in cache for "spark/partials/sidenav.ftl"("en_MY", UTF-8, parsed); will try to load it.
 2022-10-18 14:45:41,281 DEBUG [main] cache:44 - TemplateLoader.findTemplateSource("spark/partials/sidenav_en_MY.ftl"): Not found
 2022-10-18 14:45:41,282 DEBUG [main] cache:44 - TemplateLoader.findTemplateSource("spark/partials/sidenav_en.ftl"): Not found
 2022-10-18 14:45:41,282 DEBUG [main] cache:44 - TemplateLoader.findTemplateSource("spark/partials/sidenav.ftl"): Found
 2022-10-18 14:45:41,283 DEBUG [main] cache:44 - Loading template for "spark/partials/sidenav.ftl"("en_MY", UTF-8, parsed) from "jar:file:/C:/Users/user/AppData/Local/Temp/surefire6695445669633473506/..%5C..%5C..%5C..%5C.m2%5Crepository%5Ccom%5Caventstack%5Cextentreports%5C4.1.7%5Cextentreports-4.1.7.jar!/com/aventstack/extentreports/view/spark/partials/sidenav.ftl"
 2022-10-18 14:45:41,285 DEBUG [main] cache:44 - Couldn't find template in cache for "spark/partials/test.ftl"("en_MY", UTF-8, parsed); will try to load it.
 2022-10-18 14:45:41,285 DEBUG [main] cache:44 - TemplateLoader.findTemplateSource("spark/partials/test_en_MY.ftl"): Not found
 2022-10-18 14:45:41,286 DEBUG [main] cache:44 - TemplateLoader.findTemplateSource("spark/partials/test_en.ftl"): Not found
 2022-10-18 14:45:41,286 DEBUG [main] cache:44 - TemplateLoader.findTemplateSource("spark/partials/test.ftl"): Found
 2022-10-18 14:45:41,286 DEBUG [main] cache:44 - Loading template for "spark/partials/test.ftl"("en_MY", UTF-8, parsed) from "jar:file:/C:/Users/user/AppData/Local/Temp/surefire6695445669633473506/..%5C..%5C..%5C..%5C.m2%5Crepository%5Ccom%5Caventstack%5Cextentreports%5C4.1.7%5Cextentreports-4.1.7.jar!/com/aventstack/extentreports/view/spark/partials/test.ftl"
 2022-10-18 14:45:41,610 DEBUG [main] cache:44 - Couldn't find template in cache for "spark/partials/standard-content.ftl"("en_MY", UTF-8, parsed); will try to load it.
 2022-10-18 14:45:41,610 DEBUG [main] cache:44 - TemplateLoader.findTemplateSource("spark/partials/standard-content_en_MY.ftl"): Not found
 2022-10-18 14:45:41,611 DEBUG [main] cache:44 - TemplateLoader.findTemplateSource("spark/partials/standard-content_en.ftl"): Not found
 2022-10-18 14:45:41,611 DEBUG [main] cache:44 - TemplateLoader.findTemplateSource("spark/partials/standard-content.ftl"): Found
 2022-10-18 14:45:41,611 DEBUG [main] cache:44 - Loading template for "spark/partials/standard-content.ftl"("en_MY", UTF-8, parsed) from "jar:file:/C:/Users/user/AppData/Local/Temp/surefire6695445669633473506/..%5C..%5C..%5C..%5C.m2%5Crepository%5Ccom%5Caventstack%5Cextentreports%5C4.1.7%5Cextentreports-4.1.7.jar!/com/aventstack/extentreports/view/spark/partials/standard-content.ftl"
 2022-10-18 14:45:41,614 DEBUG [main] cache:44 - "spark/partials/standard-content.ftl"("en_MY", UTF-8, parsed) cached copy not yet stale; using cached.
 2022-10-18 14:45:41,618 DEBUG [main] cache:44 - Couldn't find template in cache for "spark/partials/dashboard.ftl"("en_MY", UTF-8, parsed); will try to load it.
 2022-10-18 14:45:41,618 DEBUG [main] cache:44 - TemplateLoader.findTemplateSource("spark/partials/dashboard_en_MY.ftl"): Not found
 2022-10-18 14:45:41,618 DEBUG [main] cache:44 - TemplateLoader.findTemplateSource("spark/partials/dashboard_en.ftl"): Not found
 2022-10-18 14:45:41,619 DEBUG [main] cache:44 - TemplateLoader.findTemplateSource("spark/partials/dashboard.ftl"): Found
 2022-10-18 14:45:41,619 DEBUG [main] cache:44 - Loading template for "spark/partials/dashboard.ftl"("en_MY", UTF-8, parsed) from "jar:file:/C:/Users/user/AppData/Local/Temp/surefire6695445669633473506/..%5C..%5C..%5C..%5C.m2%5Crepository%5Ccom%5Caventstack%5Cextentreports%5C4.1.7%5Cextentreports-4.1.7.jar!/com/aventstack/extentreports/view/spark/partials/dashboard.ftl"
 2022-10-18 14:45:42,134 DEBUG [main] cache:44 - Couldn't find template in cache for "spark/partials/scripts.ftl"("en_MY", UTF-8, parsed); will try to load it.
 2022-10-18 14:45:42,135 DEBUG [main] cache:44 - TemplateLoader.findTemplateSource("spark/partials/scripts_en_MY.ftl"): Not found
 2022-10-18 14:45:42,136 DEBUG [main] cache:44 - TemplateLoader.findTemplateSource("spark/partials/scripts_en.ftl"): Not found
 2022-10-18 14:45:42,137 DEBUG [main] cache:44 - TemplateLoader.findTemplateSource("spark/partials/scripts.ftl"): Found
 2022-10-18 14:45:42,137 DEBUG [main] cache:44 - Loading template for "spark/partials/scripts.ftl"("en_MY", UTF-8, parsed) from "jar:file:/C:/Users/user/AppData/Local/Temp/surefire6695445669633473506/..%5C..%5C..%5C..%5C.m2%5Crepository%5Ccom%5Caventstack%5Cextentreports%5C4.1.7%5Cextentreports-4.1.7.jar!/com/aventstack/extentreports/view/spark/partials/scripts.ftl"
 2022-10-18 14:45:42,139 DEBUG [main] cache:44 - Couldn't find template in cache for "commons/commons-inject-js.ftl"("en_MY", UTF-8, parsed); will try to load it.
 2022-10-18 14:45:42,140 DEBUG [main] cache:44 - TemplateLoader.findTemplateSource("commons/commons-inject-js_en_MY.ftl"): Not found
 2022-10-18 14:45:42,140 DEBUG [main] cache:44 - TemplateLoader.findTemplateSource("commons/commons-inject-js_en.ftl"): Not found
 2022-10-18 14:45:42,141 DEBUG [main] cache:44 - TemplateLoader.findTemplateSource("commons/commons-inject-js.ftl"): Found
 2022-10-18 14:45:42,142 DEBUG [main] cache:44 - Loading template for "commons/commons-inject-js.ftl"("en_MY", UTF-8, parsed) from "jar:file:/C:/Users/user/AppData/Local/Temp/surefire6695445669633473506/..%5C..%5C..%5C..%5C.m2%5Crepository%5Ccom%5Caventstack%5Cextentreports%5C4.1.7%5Cextentreports-4.1.7.jar!/com/aventstack/extentreports/view/commons/commons-inject-js.ftl"
 2022-10-18 14:49:36,442 DEBUG [TestNG-test=Test-1] InternalLoggerFactory:89 - Using Log4J as the default logging framework
 2022-10-18 14:49:36,465 DEBUG [TestNG-test=Test-1] ResourceLeakDetector:129 - -Dio.netty.leakDetection.level: simple
 2022-10-18 14:49:36,466 DEBUG [TestNG-test=Test-1] ResourceLeakDetector:130 - -Dio.netty.leakDetection.targetRecords: 4
 2022-10-18 14:49:36,483 DEBUG [TestNG-test=Test-1] ResourceLeakDetectorFactory:196 - Loaded default ResourceLeakDetector: io.netty.util.ResourceLeakDetector@717ceb58
 2022-10-18 14:49:36,548 DEBUG [TestNG-test=Test-1] PlatformDependent0:495 - -Dio.netty.noUnsafe: false
 2022-10-18 14:49:36,549 DEBUG [TestNG-test=Test-1] PlatformDependent0:998 - Java version: 8
 2022-10-18 14:49:36,554 DEBUG [TestNG-test=Test-1] PlatformDependent0:136 - sun.misc.Unsafe.theUnsafe: available
 2022-10-18 14:49:36,557 DEBUG [TestNG-test=Test-1] PlatformDependent0:160 - sun.misc.Unsafe.copyMemory: available
 2022-10-18 14:49:36,559 DEBUG [TestNG-test=Test-1] PlatformDependent0:192 - sun.misc.Unsafe.storeFence: available
 2022-10-18 14:49:36,563 DEBUG [TestNG-test=Test-1] PlatformDependent0:235 - java.nio.Buffer.address: available
 2022-10-18 14:49:36,567 DEBUG [TestNG-test=Test-1] PlatformDependent0:306 - direct buffer constructor: available
 2022-10-18 14:49:36,569 DEBUG [TestNG-test=Test-1] PlatformDependent0:384 - java.nio.Bits.unaligned: available, true
 2022-10-18 14:49:36,570 DEBUG [TestNG-test=Test-1] PlatformDependent0:458 - jdk.internal.misc.Unsafe.allocateUninitializedArray(int): unavailable prior to Java9
 2022-10-18 14:49:36,571 DEBUG [TestNG-test=Test-1] PlatformDependent0:481 - java.nio.DirectByteBuffer.<init>(long, int): available
 2022-10-18 14:49:36,573 DEBUG [TestNG-test=Test-1] PlatformDependent:1159 - sun.misc.Unsafe: available
 2022-10-18 14:49:36,574 DEBUG [TestNG-test=Test-1] PlatformDependent:1289 - -Dio.netty.tmpdir: C:\Users\user\AppData\Local\Temp (java.io.tmpdir)
 2022-10-18 14:49:36,578 DEBUG [TestNG-test=Test-1] PlatformDependent:1368 - -Dio.netty.bitMode: 64 (sun.arch.data.model)
 2022-10-18 14:49:36,580 DEBUG [TestNG-test=Test-1] PlatformDependent:1119 - Platform: Windows
 2022-10-18 14:49:36,585 DEBUG [TestNG-test=Test-1] PlatformDependent:178 - -Dio.netty.maxDirectMemory: 1886912512 bytes
 2022-10-18 14:49:36,586 DEBUG [TestNG-test=Test-1] PlatformDependent:185 - -Dio.netty.uninitializedArrayAllocationThreshold: -1
 2022-10-18 14:49:36,589 DEBUG [TestNG-test=Test-1] CleanerJava6:92 - java.nio.ByteBuffer.cleaner(): available
 2022-10-18 14:49:36,590 DEBUG [TestNG-test=Test-1] PlatformDependent:205 - -Dio.netty.noPreferDirect: false
 2022-10-18 14:49:36,644 DEBUG [TestNG-test=Test-1] PlatformDependent:1010 - org.jctools-core.MpscChunkedArrayQueue: available
 2022-10-18 14:49:36,700 DEBUG [TestNG-test=Test-1] InternalThreadLocalMap:86 - -Dio.netty.threadLocalMap.stringBuilder.initialSize: 1024
 2022-10-18 14:49:36,701 DEBUG [TestNG-test=Test-1] InternalThreadLocalMap:89 - -Dio.netty.threadLocalMap.stringBuilder.maxSize: 4096
 2022-10-18 14:49:37,618 DEBUG [TestNG-test=Test-1] JdkSslContext:83 - Default protocols (JDK): [TLSv1.2, TLSv1.1, TLSv1] 
 2022-10-18 14:49:37,619 DEBUG [TestNG-test=Test-1] JdkSslContext:84 - Default cipher suites (JDK): [TLS_ECDHE_ECDSA_WITH_AES_256_GCM_SHA384, TLS_ECDHE_ECDSA_WITH_AES_128_GCM_SHA256, TLS_ECDHE_RSA_WITH_AES_128_GCM_SHA256, TLS_ECDHE_RSA_WITH_AES_256_GCM_SHA384, TLS_ECDHE_RSA_WITH_AES_128_CBC_SHA, TLS_ECDHE_RSA_WITH_AES_256_CBC_SHA, TLS_RSA_WITH_AES_128_GCM_SHA256, TLS_RSA_WITH_AES_128_CBC_SHA, TLS_RSA_WITH_AES_256_CBC_SHA]
 2022-10-18 14:49:37,681 DEBUG [TestNG-test=Test-1] MultithreadEventLoopGroup:44 - -Dio.netty.eventLoopThreads: 16
 2022-10-18 14:49:37,696 DEBUG [TestNG-test=Test-1] NioEventLoop:109 - -Dio.netty.noKeySetOptimization: false
 2022-10-18 14:49:37,696 DEBUG [TestNG-test=Test-1] NioEventLoop:110 - -Dio.netty.selectorAutoRebuildThreshold: 512
 2022-10-18 14:49:37,833 DEBUG [TestNG-test=Test-1] PooledByteBufAllocator:157 - -Dio.netty.allocator.numHeapArenas: 16
 2022-10-18 14:49:37,834 DEBUG [TestNG-test=Test-1] PooledByteBufAllocator:158 - -Dio.netty.allocator.numDirectArenas: 16
 2022-10-18 14:49:37,834 DEBUG [TestNG-test=Test-1] PooledByteBufAllocator:160 - -Dio.netty.allocator.pageSize: 8192
 2022-10-18 14:49:37,834 DEBUG [TestNG-test=Test-1] PooledByteBufAllocator:165 - -Dio.netty.allocator.maxOrder: 9
 2022-10-18 14:49:37,835 DEBUG [TestNG-test=Test-1] PooledByteBufAllocator:169 - -Dio.netty.allocator.chunkSize: 4194304
 2022-10-18 14:49:37,835 DEBUG [TestNG-test=Test-1] PooledByteBufAllocator:170 - -Dio.netty.allocator.smallCacheSize: 256
 2022-10-18 14:49:37,835 DEBUG [TestNG-test=Test-1] PooledByteBufAllocator:171 - -Dio.netty.allocator.normalCacheSize: 64
 2022-10-18 14:49:37,836 DEBUG [TestNG-test=Test-1] PooledByteBufAllocator:172 - -Dio.netty.allocator.maxCachedBufferCapacity: 32768
 2022-10-18 14:49:37,836 DEBUG [TestNG-test=Test-1] PooledByteBufAllocator:173 - -Dio.netty.allocator.cacheTrimInterval: 8192
 2022-10-18 14:49:37,836 DEBUG [TestNG-test=Test-1] PooledByteBufAllocator:174 - -Dio.netty.allocator.cacheTrimIntervalMillis: 0
 2022-10-18 14:49:37,837 DEBUG [TestNG-test=Test-1] PooledByteBufAllocator:175 - -Dio.netty.allocator.useCacheForAllThreads: false
 2022-10-18 14:49:37,837 DEBUG [TestNG-test=Test-1] PooledByteBufAllocator:176 - -Dio.netty.allocator.maxCachedByteBuffersPerChunk: 1023
 2022-10-18 14:49:37,866 DEBUG [TestNG-test=Test-1] ByteBufUtil:87 - -Dio.netty.allocator.type: pooled
 2022-10-18 14:49:37,867 DEBUG [TestNG-test=Test-1] ByteBufUtil:96 - -Dio.netty.threadLocalDirectBufferSize: 0
 2022-10-18 14:49:37,867 DEBUG [TestNG-test=Test-1] ByteBufUtil:99 - -Dio.netty.maxThreadLocalCharBufferSize: 16384
 2022-10-18 14:49:38,627 DEBUG [Forwarding newSession on session null to remote] DefaultChannelId:79 - -Dio.netty.processId: 2424 (auto-detected)
 2022-10-18 14:49:38,632 DEBUG [Forwarding newSession on session null to remote] NetUtil:136 - -Djava.net.preferIPv4Stack: false
 2022-10-18 14:49:38,633 DEBUG [Forwarding newSession on session null to remote] NetUtil:137 - -Djava.net.preferIPv6Addresses: false
 2022-10-18 14:49:38,969 DEBUG [Forwarding newSession on session null to remote] NetUtilInitializations:129 - Loopback interface: lo (Software Loopback Interface 1, 127.0.0.1)
 2022-10-18 14:49:38,972 DEBUG [Forwarding newSession on session null to remote] NetUtil:191 - Failed to get SOMAXCONN from sysctl and file \proc\sys\net\core\somaxconn. Default: 200
 2022-10-18 14:49:39,271 DEBUG [Forwarding newSession on session null to remote] DefaultChannelId:101 - -Dio.netty.machineId: 90:32:4b:ff:fe:69:03:17 (auto-detected)
 2022-10-18 14:49:39,363 DEBUG [AsyncHttpClient-1-3] AbstractByteBuf:63 - -Dio.netty.buffer.checkAccessible: true
 2022-10-18 14:49:39,363 DEBUG [AsyncHttpClient-1-3] AbstractByteBuf:64 - -Dio.netty.buffer.checkBounds: true
 2022-10-18 14:49:39,363 DEBUG [AsyncHttpClient-1-3] ResourceLeakDetectorFactory:196 - Loaded default ResourceLeakDetector: io.netty.util.ResourceLeakDetector@56933494
 2022-10-18 14:49:39,411 DEBUG [AsyncHttpClient-1-2] Recycler:85 - -Dio.netty.recycler.maxCapacityPerThread: 4096
 2022-10-18 14:49:39,412 DEBUG [AsyncHttpClient-1-2] Recycler:86 - -Dio.netty.recycler.ratio: 8
 2022-10-18 14:49:39,412 DEBUG [AsyncHttpClient-1-2] Recycler:87 - -Dio.netty.recycler.chunkSize: 32
 2022-10-18 14:49:39,412 DEBUG [AsyncHttpClient-1-2] Recycler:88 - -Dio.netty.recycler.blocking: false
 2022-10-18 14:51:08,206 DEBUG [AsyncHttpClient-1-2] Brotli:38 - brotli4j not in the classpath; Brotli support will be unavailable.
 2022-10-18 14:52:18,505  INFO [TestNG-test=Test-2] MyLogger:64 - Started execution of Test case - test_CIMBDeals_scn0001_02
 2022-10-18 14:52:18,987  INFO [TestNG-test=Test-1] MyLogger:64 - Started execution of Test case - test_CIMBDeals_scn0001
 2022-10-18 14:53:21,468  INFO [TestNG-test=Test-1] MyLogger:64 - Completed execution of Test case - test_CIMBDeals_scn0001
 2022-10-18 14:53:35,167  INFO [TestNG-test=Test-2] MyLogger:64 - Started execution of Test case - test_CIMBDeals_scn0001_02
 2022-10-18 14:54:18,993 DEBUG [main] cache:44 - Couldn't find template in cache for "spark/spark.spa.ftl"("en_MY", UTF-8, parsed); will try to load it.
 2022-10-18 14:54:18,995 DEBUG [main] cache:44 - TemplateLoader.findTemplateSource("spark/spark.spa_en_MY.ftl"): Not found
 2022-10-18 14:54:18,998 DEBUG [main] cache:44 - TemplateLoader.findTemplateSource("spark/spark.spa_en.ftl"): Not found
 2022-10-18 14:54:18,999 DEBUG [main] cache:44 - TemplateLoader.findTemplateSource("spark/spark.spa.ftl"): Found
 2022-10-18 14:54:19,000 DEBUG [main] cache:44 - Loading template for "spark/spark.spa.ftl"("en_MY", UTF-8, parsed) from "jar:file:/C:/Users/user/AppData/Local/Temp/surefire6088654608534564650/..%5C..%5C..%5C..%5C.m2%5Crepository%5Ccom%5Caventstack%5Cextentreports%5C4.1.7%5Cextentreports-4.1.7.jar!/com/aventstack/extentreports/view/spark/spark.spa.ftl"
 2022-10-18 14:54:20,065 DEBUG [main] cache:44 - Couldn't find template in cache for "commons/commons-variables.ftl"("en_MY", UTF-8, parsed); will try to load it.
 2022-10-18 14:54:20,065 DEBUG [main] cache:44 - TemplateLoader.findTemplateSource("commons/commons-variables_en_MY.ftl"): Not found
 2022-10-18 14:54:20,065 DEBUG [main] cache:44 - TemplateLoader.findTemplateSource("commons/commons-variables_en.ftl"): Not found
 2022-10-18 14:54:20,066 DEBUG [main] cache:44 - TemplateLoader.findTemplateSource("commons/commons-variables.ftl"): Found
 2022-10-18 14:54:20,066 DEBUG [main] cache:44 - Loading template for "commons/commons-variables.ftl"("en_MY", UTF-8, parsed) from "jar:file:/C:/Users/user/AppData/Local/Temp/surefire6088654608534564650/..%5C..%5C..%5C..%5C.m2%5Crepository%5Ccom%5Caventstack%5Cextentreports%5C4.1.7%5Cextentreports-4.1.7.jar!/com/aventstack/extentreports/view/commons/commons-variables.ftl"
 2022-10-18 14:54:20,513 DEBUG [main] cache:44 - Couldn't find template in cache for "commons/commons-macros.ftl"("en_MY", UTF-8, parsed); will try to load it.
 2022-10-18 14:54:20,515 DEBUG [main] cache:44 - TemplateLoader.findTemplateSource("commons/commons-macros_en_MY.ftl"): Not found
 2022-10-18 14:54:20,516 DEBUG [main] cache:44 - TemplateLoader.findTemplateSource("commons/commons-macros_en.ftl"): Not found
 2022-10-18 14:54:20,517 DEBUG [main] cache:44 - TemplateLoader.findTemplateSource("commons/commons-macros.ftl"): Found
 2022-10-18 14:54:20,517 DEBUG [main] cache:44 - Loading template for "commons/commons-macros.ftl"("en_MY", UTF-8, parsed) from "jar:file:/C:/Users/user/AppData/Local/Temp/surefire6088654608534564650/..%5C..%5C..%5C..%5C.m2%5Crepository%5Ccom%5Caventstack%5Cextentreports%5C4.1.7%5Cextentreports-4.1.7.jar!/com/aventstack/extentreports/view/commons/commons-macros.ftl"
 2022-10-18 14:54:20,552 DEBUG [main] cache:44 - Couldn't find template in cache for "spark/macros/attributes.ftl"("en_MY", UTF-8, parsed); will try to load it.
 2022-10-18 14:54:20,553 DEBUG [main] cache:44 - TemplateLoader.findTemplateSource("spark/macros/attributes_en_MY.ftl"): Not found
 2022-10-18 14:54:20,554 DEBUG [main] cache:44 - TemplateLoader.findTemplateSource("spark/macros/attributes_en.ftl"): Not found
 2022-10-18 14:54:20,555 DEBUG [main] cache:44 - TemplateLoader.findTemplateSource("spark/macros/attributes.ftl"): Found
 2022-10-18 14:54:20,556 DEBUG [main] cache:44 - Loading template for "spark/macros/attributes.ftl"("en_MY", UTF-8, parsed) from "jar:file:/C:/Users/user/AppData/Local/Temp/surefire6088654608534564650/..%5C..%5C..%5C..%5C.m2%5Crepository%5Ccom%5Caventstack%5Cextentreports%5C4.1.7%5Cextentreports-4.1.7.jar!/com/aventstack/extentreports/view/spark/macros/attributes.ftl"
 2022-10-18 14:54:20,569 DEBUG [main] cache:44 - Couldn't find template in cache for "spark/macros/log.ftl"("en_MY", UTF-8, parsed); will try to load it.
 2022-10-18 14:54:20,570 DEBUG [main] cache:44 - TemplateLoader.findTemplateSource("spark/macros/log_en_MY.ftl"): Not found
 2022-10-18 14:54:20,571 DEBUG [main] cache:44 - TemplateLoader.findTemplateSource("spark/macros/log_en.ftl"): Not found
 2022-10-18 14:54:20,572 DEBUG [main] cache:44 - TemplateLoader.findTemplateSource("spark/macros/log.ftl"): Found
 2022-10-18 14:54:20,572 DEBUG [main] cache:44 - Loading template for "spark/macros/log.ftl"("en_MY", UTF-8, parsed) from "jar:file:/C:/Users/user/AppData/Local/Temp/surefire6088654608534564650/..%5C..%5C..%5C..%5C.m2%5Crepository%5Ccom%5Caventstack%5Cextentreports%5C4.1.7%5Cextentreports-4.1.7.jar!/com/aventstack/extentreports/view/spark/macros/log.ftl"
 2022-10-18 14:54:20,574 DEBUG [main] cache:44 - Couldn't find template in cache for "spark/macros/recurse_nodes.ftl"("en_MY", UTF-8, parsed); will try to load it.
 2022-10-18 14:54:20,576 DEBUG [main] cache:44 - TemplateLoader.findTemplateSource("spark/macros/recurse_nodes_en_MY.ftl"): Not found
 2022-10-18 14:54:20,577 DEBUG [main] cache:44 - TemplateLoader.findTemplateSource("spark/macros/recurse_nodes_en.ftl"): Not found
 2022-10-18 14:54:20,578 DEBUG [main] cache:44 - TemplateLoader.findTemplateSource("spark/macros/recurse_nodes.ftl"): Found
 2022-10-18 14:54:20,579 DEBUG [main] cache:44 - Loading template for "spark/macros/recurse_nodes.ftl"("en_MY", UTF-8, parsed) from "jar:file:/C:/Users/user/AppData/Local/Temp/surefire6088654608534564650/..%5C..%5C..%5C..%5C.m2%5Crepository%5Ccom%5Caventstack%5Cextentreports%5C4.1.7%5Cextentreports-4.1.7.jar!/com/aventstack/extentreports/view/spark/macros/recurse_nodes.ftl"
 2022-10-18 14:54:20,582 DEBUG [main] cache:44 - "spark/macros/log.ftl"("en_MY", UTF-8, parsed) cached copy not yet stale; using cached.
 2022-10-18 14:54:20,650 DEBUG [main] cache:44 - Couldn't find template in cache for "spark/partials/head.ftl"("en_MY", UTF-8, parsed); will try to load it.
 2022-10-18 14:54:20,652 DEBUG [main] cache:44 - TemplateLoader.findTemplateSource("spark/partials/head_en_MY.ftl"): Not found
 2022-10-18 14:54:20,652 DEBUG [main] cache:44 - TemplateLoader.findTemplateSource("spark/partials/head_en.ftl"): Not found
 2022-10-18 14:54:20,653 DEBUG [main] cache:44 - TemplateLoader.findTemplateSource("spark/partials/head.ftl"): Found
 2022-10-18 14:54:20,653 DEBUG [main] cache:44 - Loading template for "spark/partials/head.ftl"("en_MY", UTF-8, parsed) from "jar:file:/C:/Users/user/AppData/Local/Temp/surefire6088654608534564650/..%5C..%5C..%5C..%5C.m2%5Crepository%5Ccom%5Caventstack%5Cextentreports%5C4.1.7%5Cextentreports-4.1.7.jar!/com/aventstack/extentreports/view/spark/partials/head.ftl"
 2022-10-18 14:54:20,666 DEBUG [main] cache:44 - Couldn't find template in cache for "commons/commons-inject-css.ftl"("en_MY", UTF-8, parsed); will try to load it.
 2022-10-18 14:54:20,667 DEBUG [main] cache:44 - TemplateLoader.findTemplateSource("commons/commons-inject-css_en_MY.ftl"): Not found
 2022-10-18 14:54:20,668 DEBUG [main] cache:44 - TemplateLoader.findTemplateSource("commons/commons-inject-css_en.ftl"): Not found
 2022-10-18 14:54:20,670 DEBUG [main] cache:44 - TemplateLoader.findTemplateSource("commons/commons-inject-css.ftl"): Found
 2022-10-18 14:54:20,670 DEBUG [main] cache:44 - Loading template for "commons/commons-inject-css.ftl"("en_MY", UTF-8, parsed) from "jar:file:/C:/Users/user/AppData/Local/Temp/surefire6088654608534564650/..%5C..%5C..%5C..%5C.m2%5Crepository%5Ccom%5Caventstack%5Cextentreports%5C4.1.7%5Cextentreports-4.1.7.jar!/com/aventstack/extentreports/view/commons/commons-inject-css.ftl"
 2022-10-18 14:54:20,671 DEBUG [main] cache:44 - Couldn't find template in cache for "spark/partials/navbar.ftl"("en_MY", UTF-8, parsed); will try to load it.
 2022-10-18 14:54:20,672 DEBUG [main] cache:44 - TemplateLoader.findTemplateSource("spark/partials/navbar_en_MY.ftl"): Not found
 2022-10-18 14:54:20,673 DEBUG [main] cache:44 - TemplateLoader.findTemplateSource("spark/partials/navbar_en.ftl"): Not found
 2022-10-18 14:54:20,673 DEBUG [main] cache:44 - TemplateLoader.findTemplateSource("spark/partials/navbar.ftl"): Found
 2022-10-18 14:54:20,674 DEBUG [main] cache:44 - Loading template for "spark/partials/navbar.ftl"("en_MY", UTF-8, parsed) from "jar:file:/C:/Users/user/AppData/Local/Temp/surefire6088654608534564650/..%5C..%5C..%5C..%5C.m2%5Crepository%5Ccom%5Caventstack%5Cextentreports%5C4.1.7%5Cextentreports-4.1.7.jar!/com/aventstack/extentreports/view/spark/partials/navbar.ftl"
 2022-10-18 14:54:20,786 DEBUG [main] cache:44 - Couldn't find template in cache for "spark/partials/sidenav.ftl"("en_MY", UTF-8, parsed); will try to load it.
 2022-10-18 14:54:20,786 DEBUG [main] cache:44 - TemplateLoader.findTemplateSource("spark/partials/sidenav_en_MY.ftl"): Not found
 2022-10-18 14:54:20,787 DEBUG [main] cache:44 - TemplateLoader.findTemplateSource("spark/partials/sidenav_en.ftl"): Not found
 2022-10-18 14:54:20,787 DEBUG [main] cache:44 - TemplateLoader.findTemplateSource("spark/partials/sidenav.ftl"): Found
 2022-10-18 14:54:20,788 DEBUG [main] cache:44 - Loading template for "spark/partials/sidenav.ftl"("en_MY", UTF-8, parsed) from "jar:file:/C:/Users/user/AppData/Local/Temp/surefire6088654608534564650/..%5C..%5C..%5C..%5C.m2%5Crepository%5Ccom%5Caventstack%5Cextentreports%5C4.1.7%5Cextentreports-4.1.7.jar!/com/aventstack/extentreports/view/spark/partials/sidenav.ftl"
 2022-10-18 14:54:20,800 DEBUG [main] cache:44 - Couldn't find template in cache for "spark/partials/test.ftl"("en_MY", UTF-8, parsed); will try to load it.
 2022-10-18 14:54:20,801 DEBUG [main] cache:44 - TemplateLoader.findTemplateSource("spark/partials/test_en_MY.ftl"): Not found
 2022-10-18 14:54:20,802 DEBUG [main] cache:44 - TemplateLoader.findTemplateSource("spark/partials/test_en.ftl"): Not found
 2022-10-18 14:54:20,803 DEBUG [main] cache:44 - TemplateLoader.findTemplateSource("spark/partials/test.ftl"): Found
 2022-10-18 14:54:20,803 DEBUG [main] cache:44 - Loading template for "spark/partials/test.ftl"("en_MY", UTF-8, parsed) from "jar:file:/C:/Users/user/AppData/Local/Temp/surefire6088654608534564650/..%5C..%5C..%5C..%5C.m2%5Crepository%5Ccom%5Caventstack%5Cextentreports%5C4.1.7%5Cextentreports-4.1.7.jar!/com/aventstack/extentreports/view/spark/partials/test.ftl"
 2022-10-18 14:54:20,895 DEBUG [main] cache:44 - Couldn't find template in cache for "spark/partials/standard-content.ftl"("en_MY", UTF-8, parsed); will try to load it.
 2022-10-18 14:54:20,896 DEBUG [main] cache:44 - TemplateLoader.findTemplateSource("spark/partials/standard-content_en_MY.ftl"): Not found
 2022-10-18 14:54:20,898 DEBUG [main] cache:44 - TemplateLoader.findTemplateSource("spark/partials/standard-content_en.ftl"): Not found
 2022-10-18 14:54:20,899 DEBUG [main] cache:44 - TemplateLoader.findTemplateSource("spark/partials/standard-content.ftl"): Found
 2022-10-18 14:54:20,900 DEBUG [main] cache:44 - Loading template for "spark/partials/standard-content.ftl"("en_MY", UTF-8, parsed) from "jar:file:/C:/Users/user/AppData/Local/Temp/surefire6088654608534564650/..%5C..%5C..%5C..%5C.m2%5Crepository%5Ccom%5Caventstack%5Cextentreports%5C4.1.7%5Cextentreports-4.1.7.jar!/com/aventstack/extentreports/view/spark/partials/standard-content.ftl"
 2022-10-18 14:54:20,916 DEBUG [main] cache:44 - "spark/partials/standard-content.ftl"("en_MY", UTF-8, parsed) cached copy not yet stale; using cached.
 2022-10-18 14:54:20,922 DEBUG [main] cache:44 - "spark/partials/standard-content.ftl"("en_MY", UTF-8, parsed) cached copy not yet stale; using cached.
 2022-10-18 14:54:20,935 DEBUG [main] cache:44 - Couldn't find template in cache for "spark/partials/exception.ftl"("en_MY", UTF-8, parsed); will try to load it.
 2022-10-18 14:54:20,936 DEBUG [main] cache:44 - TemplateLoader.findTemplateSource("spark/partials/exception_en_MY.ftl"): Not found
 2022-10-18 14:54:20,937 DEBUG [main] cache:44 - TemplateLoader.findTemplateSource("spark/partials/exception_en.ftl"): Not found
 2022-10-18 14:54:20,939 DEBUG [main] cache:44 - TemplateLoader.findTemplateSource("spark/partials/exception.ftl"): Found
 2022-10-18 14:54:20,939 DEBUG [main] cache:44 - Loading template for "spark/partials/exception.ftl"("en_MY", UTF-8, parsed) from "jar:file:/C:/Users/user/AppData/Local/Temp/surefire6088654608534564650/..%5C..%5C..%5C..%5C.m2%5Crepository%5Ccom%5Caventstack%5Cextentreports%5C4.1.7%5Cextentreports-4.1.7.jar!/com/aventstack/extentreports/view/spark/partials/exception.ftl"
 2022-10-18 14:54:20,949 DEBUG [main] cache:44 - Couldn't find template in cache for "spark/partials/dashboard.ftl"("en_MY", UTF-8, parsed); will try to load it.
 2022-10-18 14:54:20,950 DEBUG [main] cache:44 - TemplateLoader.findTemplateSource("spark/partials/dashboard_en_MY.ftl"): Not found
 2022-10-18 14:54:20,950 DEBUG [main] cache:44 - TemplateLoader.findTemplateSource("spark/partials/dashboard_en.ftl"): Not found
 2022-10-18 14:54:20,951 DEBUG [main] cache:44 - TemplateLoader.findTemplateSource("spark/partials/dashboard.ftl"): Found
 2022-10-18 14:54:20,951 DEBUG [main] cache:44 - Loading template for "spark/partials/dashboard.ftl"("en_MY", UTF-8, parsed) from "jar:file:/C:/Users/user/AppData/Local/Temp/surefire6088654608534564650/..%5C..%5C..%5C..%5C.m2%5Crepository%5Ccom%5Caventstack%5Cextentreports%5C4.1.7%5Cextentreports-4.1.7.jar!/com/aventstack/extentreports/view/spark/partials/dashboard.ftl"
 2022-10-18 14:54:21,165 DEBUG [main] cache:44 - Couldn't find template in cache for "spark/partials/scripts.ftl"("en_MY", UTF-8, parsed); will try to load it.
 2022-10-18 14:54:21,166 DEBUG [main] cache:44 - TemplateLoader.findTemplateSource("spark/partials/scripts_en_MY.ftl"): Not found
 2022-10-18 14:54:21,167 DEBUG [main] cache:44 - TemplateLoader.findTemplateSource("spark/partials/scripts_en.ftl"): Not found
 2022-10-18 14:54:21,168 DEBUG [main] cache:44 - TemplateLoader.findTemplateSource("spark/partials/scripts.ftl"): Found
 2022-10-18 14:54:21,168 DEBUG [main] cache:44 - Loading template for "spark/partials/scripts.ftl"("en_MY", UTF-8, parsed) from "jar:file:/C:/Users/user/AppData/Local/Temp/surefire6088654608534564650/..%5C..%5C..%5C..%5C.m2%5Crepository%5Ccom%5Caventstack%5Cextentreports%5C4.1.7%5Cextentreports-4.1.7.jar!/com/aventstack/extentreports/view/spark/partials/scripts.ftl"
 2022-10-18 14:54:21,171 DEBUG [main] cache:44 - Couldn't find template in cache for "commons/commons-inject-js.ftl"("en_MY", UTF-8, parsed); will try to load it.
 2022-10-18 14:54:21,171 DEBUG [main] cache:44 - TemplateLoader.findTemplateSource("commons/commons-inject-js_en_MY.ftl"): Not found
 2022-10-18 14:54:21,172 DEBUG [main] cache:44 - TemplateLoader.findTemplateSource("commons/commons-inject-js_en.ftl"): Not found
 2022-10-18 14:54:21,173 DEBUG [main] cache:44 - TemplateLoader.findTemplateSource("commons/commons-inject-js.ftl"): Found
 2022-10-18 14:54:21,173 DEBUG [main] cache:44 - Loading template for "commons/commons-inject-js.ftl"("en_MY", UTF-8, parsed) from "jar:file:/C:/Users/user/AppData/Local/Temp/surefire6088654608534564650/..%5C..%5C..%5C..%5C.m2%5Crepository%5Ccom%5Caventstack%5Cextentreports%5C4.1.7%5Cextentreports-4.1.7.jar!/com/aventstack/extentreports/view/commons/commons-inject-js.ftl"
 